[force] Ignoring progress file — re-processing all constituencies
Warming up portal…
  Portal: 'Election Commission of India'
    1 gummidipoondi  → 17 accepted
    2 ponneri_sc  → 15 accepted
    3 tiruttani  → 14 accepted
    4 thiruvallur  → 15 accepted
    5 poonamallee_sc  → 11 accepted
    6 avadi  → 20 accepted
    7 maduravoyal  → 21 accepted
    8 ambattur  → 27 accepted
    9 madhavaram  → 16 accepted
   10 thiruvottiyur  → 16 accepted
   11 dr_radhakrishnan_nagar  → 40 accepted
   12 perambur  → 49 accepted
   13 kolathur  → 37 accepted
   14 villivakkam  → 30 accepted
   15 thiru_vi_ka_nagar_sc  → 23 accepted
   16 egmore_sc  → 19 accepted
   17 royapuram  → 30 accepted
   18 harbour  → 25 accepted
   19 chepauk_thiruvallikeni  → 26 accepted
   20 thousand_lights  → 18 accepted
   21 anna_nagar  → 24 accepted
   22 virugampakkam  → 25 accepted
   23 saidapet  → 21 accepted
   24 thiyagarayanagar  → 27 accepted
   25 mylapore  → 21 accepted
   26 velachery  → 28 accepted
   27 sholinganallur  → 27 accepted
   28 alandur  → 24 accepted
   29 sriperumbudur_sc  → 16 accepted
   30 pallavaram  → 26 accepted
   31 tambaram  → 18 accepted
   32 chengalpattu  → 19 accepted
   33 thiruporur  → 14 accepted
   34 cheyyur_sc  → 15 accepted
   35 madurantakam_sc  → 11 accepted
   36 uthiramerur  → 16 accepted
   37 kancheepuram  → 26 accepted
   38 arakkonam_sc  → 13 accepted
   39 sholinghur  → 24 accepted
   40 katpadi  → 18 accepted
   41 ranipet  → 18 accepted
   42 arcot  → 0 accepted
   43 vellore  → 19 accepted
   44 anaikattu  → 15 accepted
   45 kilvaithinankuppam_sc  → 11 accepted
   46 gudiyattam_sc  → 11 accepted
   47 vaniyambadi  → 18 accepted
   48 ambur  → 17 accepted
   49 jolarpet  → 27 accepted
   50 tirupattur  → 27 accepted
   51 uthangarai_sc  → 19 accepted
   52 bargur  → 27 accepted
   53 krishnagiri  → 26 accepted
   54 veppanahalli  → 23 accepted
   55 hosur  → 18 accepted
   56 thally  → 18 accepted
   57 palacode  → 24 accepted
   58 pennagaram  → 26 accepted
   59 dharmapuri  → 32 accepted
   60 pappireddipatti  → 18 accepted
   61 harur_sc  → 19 accepted
   62 chengam_sc  → 15 accepted
   63 tiruvannamalai  → 31 accepted
   64 kilpennathur  → 23 accepted
   65 kalasapakkam  → 21 accepted
   66 polur  → 25 accepted
   67 arani  → 27 accepted
   68 cheyyar  → 23 accepted
   69 vandavasi_sc  → 16 accepted
   70 gingee  → 19 accepted
   71 mailam  → 22 accepted
   72 tindivanam_sc  → 15 accepted
   73 vanur_sc  → 16 accepted
   74 villupuram  → 26 accepted
   75 vikravandi  → 29 accepted
   76 tirukkoyilur  → 19 accepted
   77 ulundurpettai  → 18 accepted
   78 rishivandiyam  → 25 accepted
   79 sankarapuram  → 22 accepted
   80 kallakurichi_sc  → 12 accepted
   81 gangavalli_sc  → 17 accepted
   82 attur_sc  → 17 accepted
   83 yercaud_st  → 15 accepted
   84 omalur  → 21 accepted
   85 mettur  → 24 accepted
   86 edappadi  → 20 accepted
   87 sankari  → 28 accepted
   88 salem_west  → 36 accepted
   89 salem_north  → 23 accepted
   90 salem_south  → 30 accepted
   91 veerapandi  → 25 accepted
   92 rasipuram_sc  → 26 accepted
   93 senthamangalam_st  → 16 accepted
   94 namakkal  → 39 accepted
   95 paramathivelur  → 43 accepted
   96 tiruchengodu  → 34 accepted
   97 kumarapalayam  → 0 accepted
   98 erode_east  → 25 accepted
   99 erode_west  → 15 accepted
  100 modakkurichi  → 15 accepted
  101 dharapuram_sc  → 16 accepted
  102 kangayam  → 17 accepted
  103 perundurai  → 14 accepted
  104 bhavani  → 19 accepted
  105 anthiyur  → 23 accepted
  106 gobichettipalayam  → 18 accepted
  107 bhavanisagar_sc  → 21 accepted
  108 udhagamandalam  → 6 accepted
  109 gudalur_sc  → 6 accepted
  110 coonoor  → 10 accepted
  111 mettupalayam  → 38 accepted
  112 avanashi_sc  → 20 accepted
  113 tiruppur_north  → 24 accepted
  114 tiruppur_south  → 37 accepted
  115 palladam  → 24 accepted
  116 sulur  → 25 accepted
  117 kavundampalayam  → 22 accepted
  118 coimbatore_north  → 37 accepted
  119 thondamuthur  → 27 accepted
  120 coimbatore_south  → 44 accepted
  121 singanallur  → 37 accepted
  122 kinathukadavu  → 14 accepted
  123 pollachi  → 23 accepted
  124 valparai_sc  → 14 accepted
  125 udumalaipettai  → 24 accepted
  126 madathukulam  → 21 accepted
  127 palani  → 26 accepted
  128 oddanchatram  → 19 accepted
  129 athoor  → 18 accepted
  130 nilakkottai_sc  → 17 accepted
  131 natham  → 31 accepted
  132 dindigul  → 29 accepted
  133 vedasandur  → 23 accepted
  134 aravakurichi  → 36 accepted
  135 karur  → 89 accepted
  136 krishnarayapuram_sc  → 28 accepted
  137 kulithalai  → 34 accepted
  138 manapparai  → 20 accepted
  139 srirangam  → 29 accepted
  140 tiruchirappalli_west  → 28 accepted
  141 tiruchirappalli_east  → 30 accepted
  142 thiruverumbur  → 34 accepted
  143 lalgudi  → 26 accepted
  144 manachanallur  → 27 accepted
  145 musiri  → 13 accepted
  146 thuraiyur_sc  → 20 accepted
  147 perambalur_sc  → 14 accepted
  148 kunnam  → 27 accepted
  149 ariyalur  → 19 accepted
  150 jayankondam  → 22 accepted
  151 tittakudi_sc  → 21 accepted
  152 vridhachalam  → 23 accepted
  153 neyveli  → 11 accepted
  154 panruti  → 11 accepted
  155 cuddalore  → 15 accepted
  156 kurinjipadi  → 14 accepted
  157 bhuvanagiri  → 13 accepted
  158 chidambaram  → 12 accepted
  159 kattumannarkoil_sc  → 12 accepted
  160 sirkazhi_sc  → 13 accepted
  161 mayiladuthurai  → 26 accepted
  162 poompuhar  → 15 accepted
  163 nagapattinam  → 14 accepted
  164 kilvelur  → 14 accepted
  165 vedharanyam  → 14 accepted
  166 thiruthuraipoondi_sc  → 15 accepted
  167 mannargudi  → 16 accepted
  168 thiruvaur  → 12 accepted
  169 nannilam  → 24 accepted
  170 thiruvidaimarudur_sc  → 17 accepted
  171 kumbakonam  → 14 accepted
  172 papanasam  → 13 accepted
  173 thiruvaiyaru  → 15 accepted
  174 thanjavur  → 12 accepted
  175 orathanadu  → 9 accepted
  176 pattukkottai  → 12 accepted
  177 peravurani  → 12 accepted
  178 gandarvakottai_sc  → 11 accepted
  179 viralimalai  → 30 accepted
  180 pudukkottai  → 30 accepted
  181 thirumayam  → 17 accepted
  182 alangudi  → 17 accepted
  183 aranthangi  → 17 accepted
  184 karaikudi  → 31 accepted
  185 tiruppathur  → 24 accepted
  186 sivaganga  → 24 accepted
  187 manamadurai_sc  → 16 accepted
  188 melur  → 16 accepted
  189 madurai_east  → 16 accepted
  190 sholavandan_sc  → 17 accepted
  191 madurai_north  → 20 accepted
  192 madurai_south  → 11 accepted
  193 madurai_central  → 18 accepted
  194 madurai_west  → 27 accepted
  195 thiruparankundram  → 25 accepted
  196 thirumangalam  → 26 accepted
  197 usilampatti  → 12 accepted
  198 andipatti  → 27 accepted
  199 periyakulam_sc  → 18 accepted
  200 bodinayakkanur  → 19 accepted
  201 cumbum  → 29 accepted
  202 rajapalayam  → 25 accepted
  203 srivilliputhur_sc  → 14 accepted
  204 sattur  → 25 accepted
  205 sivakasi  → 20 accepted
  206 virudhunagar  → 18 accepted
  207 aruppukottai  → 26 accepted
  208 tiruchuli  → 26 accepted
  209 paramakudi_sc  → 12 accepted
  210 tiruvadanai  → 30 accepted
  211 ramanathapuram  → 14 accepted
  212 mudukulathur  → 33 accepted
  213 vilathikulam  → 18 accepted
  214 thoothukudi  → 25 accepted
  215 tiruchendur  → 18 accepted
  216 srivaikuntam  → 22 accepted
  217 ottapidaram_sc  → 21 accepted
  218 kovilpatti  → 26 accepted
  219 sankarankovil_sc  → 20 accepted
  220 vasudevanallur_sc  → 25 accepted
  221 kadayanallur  → 31 accepted
  222 tenkasi  → 31 accepted
  223 alangulam  → 13 accepted
  224 tirunelveli  → 21 accepted
  225 ambasamudram  → 6 accepted
  226 palayamkottai  → 18 accepted
  227 nanguneri  → 30 accepted
  228 radhapuram  → 25 accepted
  229 kanniyakumari  → 15 accepted
  230 nagercoil  → 28 accepted
  231 colachal  → 13 accepted
  232 padmanabhapuram  → 11 accepted
  233 vilavancode  → 16 accepted
  234 killiyoor  → 13 accepted

Done — written=234 skipped=0 errors=0
